(t0): idle running
(t1): New task P1
(t0): Context switch (idle)<->(P1)
(t1): P1 running
(t2): P1 running
(t3): New task P2
(t3): New task P4
(t3): P1 running
(t4): P1 running
(t5): New task P3
(t5): P1 running
(t6): Task P1 goes to sleep until (t7)
(t5): Context switch (P1)<->(P2)
(t6): P2 running
(t7): Task P2 goes to sleep until (t8)
(t6): Context switch (P2)<->(P4)
(t7): P4 running
(t8): task P2 awake
(t8): P4 running
(t9): Task P4 goes to sleep until (t10)
(t8): Context switch (P4)<->(P2)
(t9): P2 running
(t10): task P4 awake
(t9): Context switch (P2)<->(P4)
(t10): P4 running
(t10): Context switch (P4)<->(P3)
(t11): P3 running
(t12): P3 running
(t13): P3 running
(t14): P3 running
(t15): Task P3 goes to sleep until (t16)
(t14): Context switch (P3)<->(idle)
(t15): idle running
==================
P1	1	6	running
P1	6	7	I/O
P2	3	6	ready
P2	6	7	running
P2	7	8	I/O
P2	8	9	ready
P2	9	10	running
P3	5	11	ready
P3	11	15	running
P3	15	16	I/O
P4	3	7	ready
P4	7	9	running
P4	9	10	I/O
P4	10	11	running
