(t0): idle running
(t1): New task P1
(t0): Context switch (idle)<->(P1)
(t1): P1 running
(t2): P1 running
(t3): New task P2
(t3): New task P4
(t3): P1 running
(t3): Context switch (P1)<->(P2)
(t4): P2 running
(t5): Task P2 goes to sleep until (t6)
(t5): New task P3
(t4): Context switch (P2)<->(P4)
(t5): P4 running
(t6): task P2 awake
(t6): P4 running
(t7): Task P4 goes to sleep until (t8)
(t6): Context switch (P4)<->(P1)
(t7): P1 running
(t8): task P4 awake
(t8): P1 running
(t9): Task P1 goes to sleep until (t10)
(t8): Context switch (P1)<->(P3)
(t9): P3 running
(t10): P3 running
(t11): P3 running
(t11): Context switch (P3)<->(P2)
(t12): P2 running
(t12): Context switch (P2)<->(P4)
(t13): P4 running
(t13): Context switch (P4)<->(P3)
(t14): P3 running
(t15): Task P3 goes to sleep until (t16)
(t14): Context switch (P3)<->(idle)
(t15): idle running
==================
P1	1	4	running
P1	4	7	ready
P1	7	9	running
P1	9	10	I/O
P2	3	4	ready
P2	4	5	running
P2	5	6	I/O
P2	6	12	ready
P2	12	13	running
P3	5	9	ready
P3	9	12	running
P3	12	14	ready
P3	14	15	running
P3	15	16	I/O
P4	3	5	ready
P4	5	7	running
P4	7	8	I/O
P4	8	13	ready
P4	13	14	running
