(t0): idle running
(t1): New task P1
(t0): Context switch (idle)<->(P1)
(t1): P1 running
(t2): P1 running
(t3): New task P2
(t3): New task P4
(t2): Context switch (P1)<->(P2)
(t3): P2 running
(t4): Task P2 goes to sleep until (t5)
(t3): Context switch (P2)<->(P4)
(t4): P4 running
(t5): New task P3
(t5): task P2 awake
(t4): Context switch (P4)<->(P1)
(t5): P1 running
(t5): Context switch (P1)<->(P3)
(t6): P3 running
(t6): Context switch (P3)<->(P2)
(t7): P2 running
(t7): Context switch (P2)<->(P4)
(t8): P4 running
(t9): Task P4 goes to sleep until (t10)
(t8): Context switch (P4)<->(P1)
(t9): P1 running
(t10): task P4 awake
(t9): Context switch (P1)<->(P3)
(t10): P3 running
(t10): Context switch (P3)<->(P4)
(t11): P4 running
(t11): Context switch (P4)<->(P1)
(t12): P1 running
(t13): Task P1 goes to sleep until (t14)
(t12): Context switch (P1)<->(P3)
(t13): P3 running
(t14): P3 running
(t15): Task P3 goes to sleep until (t16)
(t14): Context switch (P3)<->(idle)
(t15): idle running
==================
P1	1	3	running
P1	3	5	ready
P1	5	6	running
P1	6	9	ready
P1	9	10	running
P1	10	12	ready
P1	12	13	running
P1	13	14	I/O
P2	3	4	running
P2	4	5	I/O
P2	5	7	ready
P2	7	8	running
P3	5	6	ready
P3	6	7	running
P3	7	10	ready
P3	10	11	running
P3	11	13	ready
P3	13	15	running
P3	15	16	I/O
P4	3	4	ready
P4	4	5	running
P4	5	8	ready
P4	8	9	running
P4	9	10	I/O
P4	10	11	ready
P4	11	12	running
